2023-08-18 20:50:59,530 - kedro.framework.session.session - INFO - Kedro project spaceflights
2023-08-18 20:50:59,538 - py.warnings - WARNING - C:\Users\gauss\AppData\Local\Programs\Python\Python310\lib\site-packages\kedro\framework\session\session.py:266: FutureWarning: ConfigLoader will be deprecated in Kedro 0.19. Please use the OmegaConfigLoader instead. To consult the documentation for OmegaConfigLoader, see here: https://docs.kedro.org/en/stable/configuration/advanced_configuration.html#omegaconfigloader
  warnings.warn(

2023-08-18 20:51:01,443 - kedro_mlflow.framework.hooks.mlflow_hook - WARNING - No 'mlflow.yml' config file found in environment. Default configuration will be used. Use ``kedro mlflow init`` command in CLI to customize the configuration.
2023-08-18 20:51:01,463 - kedro_mlflow.config.kedro_mlflow_config - INFO - The 'tracking_uri' key in mlflow.yml is relative ('server.mlflow_(tracking|registry)_uri = mlruns'). It is converted to a valid uri: 'file:///D:/Git/ntender/spaceflights/mlruns'
2023-08-18 20:51:01,880 - kedro.io.data_catalog - INFO - Loading data from 'companies' (CSVDataSet)...
2023-08-18 20:51:02,093 - kedro.pipeline.node - INFO - Running node: preprocess_companies_node: preprocess_companies([companies]) -> [preprocessed_companies]
2023-08-18 20:51:02,189 - kedro.io.data_catalog - INFO - Saving data to 'preprocessed_companies' (ParquetDataSet)...
2023-08-18 20:51:02,336 - kedro.runner.sequential_runner - INFO - Completed 1 out of 6 tasks
2023-08-18 20:51:02,340 - kedro.io.data_catalog - INFO - Loading data from 'shuttles' (ExcelDataSet)...
2023-08-18 20:51:18,965 - kedro.pipeline.node - INFO - Running node: preprocess_shuttles_node: preprocess_shuttles([shuttles]) -> [preprocessed_shuttles]
2023-08-18 20:51:19,134 - kedro.io.data_catalog - INFO - Saving data to 'preprocessed_shuttles' (ParquetDataSet)...
2023-08-18 20:51:19,276 - kedro.runner.sequential_runner - INFO - Completed 2 out of 6 tasks
2023-08-18 20:51:19,279 - kedro.io.data_catalog - INFO - Loading data from 'preprocessed_shuttles' (ParquetDataSet)...
2023-08-18 20:51:19,604 - kedro.io.data_catalog - INFO - Loading data from 'preprocessed_companies' (ParquetDataSet)...
2023-08-18 20:51:19,646 - kedro.io.data_catalog - INFO - Loading data from 'reviews' (CSVDataSet)...
2023-08-18 20:51:19,816 - kedro.pipeline.node - INFO - Running node: create_model_input_table_node: create_model_input_table([preprocessed_shuttles,preprocessed_companies,reviews]) -> [model_input_table]
2023-08-18 20:51:21,147 - kedro.io.data_catalog - INFO - Saving data to 'model_input_table' (ParquetDataSet)...
2023-08-18 20:51:22,400 - kedro.runner.sequential_runner - INFO - Completed 3 out of 6 tasks
2023-08-18 20:51:22,403 - kedro.io.data_catalog - INFO - Loading data from 'model_input_table' (ParquetDataSet)...
2023-08-18 20:51:22,856 - kedro.io.data_catalog - INFO - Loading data from 'params:model_options' (MemoryDataset)...
2023-08-18 20:51:22,912 - kedro.pipeline.node - INFO - Running node: split_data_node: split_data([model_input_table,params:model_options]) -> [X_train,X_test,y_train,y_test]
2023-08-18 20:51:23,181 - kedro.io.data_catalog - INFO - Saving data to 'X_train' (MemoryDataset)...
2023-08-18 20:51:23,237 - kedro.io.data_catalog - INFO - Saving data to 'X_test' (MemoryDataset)...
2023-08-18 20:51:23,261 - kedro.io.data_catalog - INFO - Saving data to 'y_train' (MemoryDataset)...
2023-08-18 20:51:23,269 - kedro.io.data_catalog - INFO - Saving data to 'y_test' (MemoryDataset)...
2023-08-18 20:51:23,314 - kedro.runner.sequential_runner - INFO - Completed 4 out of 6 tasks
2023-08-18 20:51:23,319 - kedro.io.data_catalog - INFO - Loading data from 'X_train' (MemoryDataset)...
2023-08-18 20:51:23,355 - kedro.io.data_catalog - INFO - Loading data from 'y_train' (MemoryDataset)...
2023-08-18 20:51:23,390 - kedro.pipeline.node - INFO - Running node: train_model_node: train_model([X_train,y_train]) -> [regressor]
2023-08-18 20:51:23,610 - kedro.io.data_catalog - INFO - Saving data to 'regressor' (PickleDataSet)...
2023-08-18 20:51:23,624 - kedro.runner.sequential_runner - INFO - Completed 5 out of 6 tasks
2023-08-18 20:51:23,628 - kedro.io.data_catalog - INFO - Loading data from 'regressor' (PickleDataSet)...
2023-08-18 20:51:23,648 - kedro.io.data_catalog - INFO - Loading data from 'X_test' (MemoryDataset)...
2023-08-18 20:51:23,684 - kedro.io.data_catalog - INFO - Loading data from 'y_test' (MemoryDataset)...
2023-08-18 20:51:23,713 - kedro.pipeline.node - INFO - Running node: evaluate_model_node: evaluate_model([regressor,X_test,y_test]) -> None
2023-08-18 20:51:23,740 - spaceflights.pipelines.data_science.nodes - INFO - Model has a coefficient R^2 of 0.462 on test data.
2023-08-18 20:51:23,777 - kedro.runner.sequential_runner - INFO - Completed 6 out of 6 tasks
2023-08-18 20:51:23,782 - kedro.runner.sequential_runner - INFO - Pipeline execution completed successfully.
2023-08-18 20:52:21,935 - py.warnings - WARNING - C:\Users\gauss\AppData\Local\Programs\Python\Python310\lib\site-packages\kedro\framework\session\session.py:266: FutureWarning: ConfigLoader will be deprecated in Kedro 0.19. Please use the OmegaConfigLoader instead. To consult the documentation for OmegaConfigLoader, see here: https://docs.kedro.org/en/stable/configuration/advanced_configuration.html#omegaconfigloader
  warnings.warn(

2023-08-18 20:52:23,700 - kedro_mlflow.framework.hooks.mlflow_hook - WARNING - No 'mlflow.yml' config file found in environment. Default configuration will be used. Use ``kedro mlflow init`` command in CLI to customize the configuration.
2023-08-18 20:52:23,711 - kedro_mlflow.config.kedro_mlflow_config - INFO - The 'tracking_uri' key in mlflow.yml is relative ('server.mlflow_(tracking|registry)_uri = mlruns'). It is converted to a valid uri: 'file:///D:/Git/ntender/spaceflights/mlruns'
2023-08-18 21:08:34,369 - py.warnings - WARNING - C:\Users\gauss\AppData\Local\Programs\Python\Python310\lib\site-packages\kedro\framework\session\session.py:266: FutureWarning: ConfigLoader will be deprecated in Kedro 0.19. Please use the OmegaConfigLoader instead. To consult the documentation for OmegaConfigLoader, see here: https://docs.kedro.org/en/stable/configuration/advanced_configuration.html#omegaconfigloader
  warnings.warn(

2023-08-18 21:08:36,582 - kedro_mlflow.framework.hooks.mlflow_hook - WARNING - No 'mlflow.yml' config file found in environment. Default configuration will be used. Use ``kedro mlflow init`` command in CLI to customize the configuration.
2023-08-18 21:08:36,596 - kedro_mlflow.config.kedro_mlflow_config - INFO - The 'tracking_uri' key in mlflow.yml is relative ('server.mlflow_(tracking|registry)_uri = mlruns'). It is converted to a valid uri: 'file:///D:/Git/ntender/spaceflights/mlruns'
2023-08-18 22:03:39,781 - py.warnings - WARNING - C:\Users\gauss\AppData\Local\Programs\Python\Python310\lib\site-packages\kedro\framework\session\session.py:266: FutureWarning: ConfigLoader will be deprecated in Kedro 0.19. Please use the OmegaConfigLoader instead. To consult the documentation for OmegaConfigLoader, see here: https://docs.kedro.org/en/stable/configuration/advanced_configuration.html#omegaconfigloader
  warnings.warn(

2023-08-18 22:03:43,829 - kedro_mlflow.framework.hooks.mlflow_hook - WARNING - No 'mlflow.yml' config file found in environment. Default configuration will be used. Use ``kedro mlflow init`` command in CLI to customize the configuration.
2023-08-18 22:03:43,846 - kedro_mlflow.config.kedro_mlflow_config - INFO - The 'tracking_uri' key in mlflow.yml is relative ('server.mlflow_(tracking|registry)_uri = mlruns'). It is converted to a valid uri: 'file:///D:/Git/ntender/spaceflights/mlruns'
